<?xml version="1.0" encoding="UTF-8"?>
<!-- Generated by org.testng.reporters.JUnitReportReporter -->
<testsuite hostname="DESKTOP-FEL46G5" name="testScripts.RunDatabasewithVPN" tests="1" failures="0" timestamp="30 Jan 2021 05:38:20 GMT" time="3.335" errors="0">
  <testcase name="DataRefresh" time="3.335" classname="testScripts.RunDatabasewithVPN"/>
</testsuite> <!-- testScripts.RunDatabasewithVPN -->
