<?xml version="1.0" encoding="UTF-8"?>
<!-- Generated by org.testng.reporters.JUnitReportReporter -->
<testsuite hostname="DESKTOP-FEL46G5" name="testScripts.NewLL" tests="1" failures="0" timestamp="2 Feb 2021 06:19:45 GMT" time="401.473" errors="0">
  <testcase name="ApplicationStatus" time="401.473" classname="testScripts.NewLL"/>
</testsuite> <!-- testScripts.NewLL -->
