<?xml version="1.0" encoding="UTF-8"?>
<!-- Generated by org.testng.reporters.JUnitReportReporter -->
<testsuite hostname="DESKTOP-FEL46G5" name="testScripts.RunDatabasewithVPN" tests="1" failures="0" timestamp="6 Feb 2021 08:06:29 GMT" time="3.924" errors="0">
  <testcase name="DataRefresh" time="3.924" classname="testScripts.RunDatabasewithVPN"/>
</testsuite> <!-- testScripts.RunDatabasewithVPN -->
