<?xml version="1.0" encoding="UTF-8"?>
<!-- Generated by org.testng.reporters.JUnitReportReporter -->
<testsuite hostname="DESKTOP-FEL46G5" name="testScripts.NewDL" tests="16" failures="0" timestamp="6 Feb 2021 13:44:08 GMT" time="3919.514" errors="0">
  <testcase name="DLBacklog" time="239.014" classname="testScripts.NewDL"/>
  <testcase name="DLBacklog" time="236.439" classname="testScripts.NewDL"/>
  <testcase name="DLBacklog" time="234.478" classname="testScripts.NewDL"/>
  <testcase name="DLBacklog" time="263.843" classname="testScripts.NewDL"/>
  <testcase name="DLBacklog" time="206.792" classname="testScripts.NewDL"/>
  <testcase name="DLBacklog" time="243.714" classname="testScripts.NewDL"/>
  <testcase name="DLBacklog" time="233.778" classname="testScripts.NewDL"/>
  <testcase name="DLBacklog" time="253.419" classname="testScripts.NewDL"/>
  <testcase name="DLBacklog" time="234.410" classname="testScripts.NewDL"/>
  <testcase name="DLBacklog" time="236.133" classname="testScripts.NewDL"/>
  <testcase name="DLBacklog" time="244.459" classname="testScripts.NewDL"/>
  <testcase name="DLBacklog" time="238.430" classname="testScripts.NewDL"/>
  <testcase name="DLBacklog" time="233.967" classname="testScripts.NewDL"/>
  <testcase name="DLBacklog" time="243.489" classname="testScripts.NewDL"/>
  <testcase name="DLBacklog" time="232.283" classname="testScripts.NewDL"/>
  <testcase name="DLBacklog" time="344.866" classname="testScripts.NewDL"/>
</testsuite> <!-- testScripts.NewDL -->
